<?xml version="1.0" encoding="UTF-8"?>
<testsuite xmlns:xsi="http://www.w3.org/2001/XMLSchema-instance" xsi:noNamespaceSchemaLocation="https://maven.apache.org/surefire/maven-surefire-plugin/xsd/surefire-test-report-3.0.xsd" version="3.0" name="com.gooseplayer2.Packages.QueueTest" time="0.014" tests="2" errors="0" skipped="0" failures="0">
  <properties>
    <property name="java.specification.version" value="18"/>
    <property name="sun.cpu.isalist" value="amd64"/>
    <property name="sun.jnu.encoding" value="Cp1252"/>
    <property name="java.class.path" value="C:\Users\Cam\Documents\GitHub\GoosePlayer_V2\gooseplayer2\target\test-classes;C:\Users\Cam\Documents\GitHub\GoosePlayer_V2\gooseplayer2\target\classes;C:\Users\Cam\.m2\repository\net\beadsproject\beads\3.2\beads-3.2.jar;C:\Users\Cam\.m2\repository\javazoom\jlayer\1.0.1\jlayer-1.0.1.jar;C:\Users\Cam\.m2\repository\org\clojars\automata\tritonus-aos\1.0.0\tritonus-aos-1.0.0.jar;C:\Users\Cam\.m2\repository\org\clojars\automata\tritonus-share\1.0.0\tritonus-share-1.0.0.jar;C:\Users\Cam\.m2\repository\org\jaudiolibs\audioservers-javasound\2.0.0\audioservers-javasound-2.0.0.jar;C:\Users\Cam\.m2\repository\org\jaudiolibs\audioservers-api\2.0.0\audioservers-api-2.0.0.jar;C:\Users\Cam\.m2\repository\org\jaudiolibs\audioservers-jack\2.0.0\audioservers-jack-2.0.0.jar;C:\Users\Cam\.m2\repository\org\jaudiolibs\jnajack\1.4.0\jnajack-1.4.0.jar;C:\Users\Cam\.m2\repository\net\java\dev\jna\jna\5.18.1\jna-5.18.1.jar;C:\Users\Cam\.m2\repository\com\googlecode\soundlibs\mp3spi\1.9.5.4\mp3spi-1.9.5.4.jar;C:\Users\Cam\.m2\repository\com\googlecode\soundlibs\jlayer\1.0.1.4\jlayer-1.0.1.4.jar;C:\Users\Cam\.m2\repository\junit\junit\3.8.2\junit-3.8.2.jar;C:\Users\Cam\.m2\repository\com\googlecode\soundlibs\tritonus-share\0.3.7.4\tritonus-share-0.3.7.4.jar;C:\Users\Cam\.m2\repository\org\jflac\jflac-codec\1.5.2\jflac-codec-1.5.2.jar;C:\Users\Cam\.m2\repository\com\formdev\flatlaf\3.5.1\flatlaf-3.5.1.jar;C:\Users\Cam\.m2\repository\com\formdev\flatlaf-intellij-themes\3.5.1\flatlaf-intellij-themes-3.5.1.jar;C:\Users\Cam\.m2\repository\net\jthink\jaudiotagger\3.0.1\jaudiotagger-3.0.1.jar;C:\Users\Cam\.m2\repository\org\junit\jupiter\junit-jupiter\5.10.2\junit-jupiter-5.10.2.jar;C:\Users\Cam\.m2\repository\org\junit\jupiter\junit-jupiter-api\5.10.2\junit-jupiter-api-5.10.2.jar;C:\Users\Cam\.m2\repository\org\opentest4j\opentest4j\1.3.0\opentest4j-1.3.0.jar;C:\Users\Cam\.m2\repository\org\junit\platform\junit-platform-commons\1.10.2\junit-platform-commons-1.10.2.jar;C:\Users\Cam\.m2\repository\org\apiguardian\apiguardian-api\1.1.2\apiguardian-api-1.1.2.jar;C:\Users\Cam\.m2\repository\org\junit\jupiter\junit-jupiter-params\5.10.2\junit-jupiter-params-5.10.2.jar;C:\Users\Cam\.m2\repository\org\junit\jupiter\junit-jupiter-engine\5.10.2\junit-jupiter-engine-5.10.2.jar;C:\Users\Cam\.m2\repository\org\junit\platform\junit-platform-engine\1.10.2\junit-platform-engine-1.10.2.jar;C:\Users\Cam\.m2\repository\org\mockito\mockito-core\5.12.0\mockito-core-5.12.0.jar;C:\Users\Cam\.m2\repository\net\bytebuddy\byte-buddy\1.14.15\byte-buddy-1.14.15.jar;C:\Users\Cam\.m2\repository\net\bytebuddy\byte-buddy-agent\1.14.15\byte-buddy-agent-1.14.15.jar;C:\Users\Cam\.m2\repository\org\objenesis\objenesis\3.3\objenesis-3.3.jar;C:\Users\Cam\.m2\repository\org\mockito\mockito-junit-jupiter\5.12.0\mockito-junit-jupiter-5.12.0.jar;C:\Users\Cam\.m2\repository\org\mockito\mockito-inline\5.2.0\mockito-inline-5.2.0.jar;C:\Users\Cam\.m2\repository\org\assertj\assertj-core\3.27.4\assertj-core-3.27.4.jar;C:\Users\Cam\.m2\repository\tokyo\northside\assertj-swing\4.0.0-beta-3\assertj-swing-4.0.0-beta-3.jar;C:\Users\Cam\.m2\repository\tokyo\northside\fest-reflect\4.0.0-beta-3\fest-reflect-4.0.0-beta-3.jar;C:\Users\Cam\.m2\repository\org\jetbrains\annotations\23.1.0\annotations-23.1.0.jar;C:\Users\Cam\.m2\repository\tokyo\northside\assertj-swing-junit-jupiter\4.0.0-beta-3\assertj-swing-junit-jupiter-4.0.0-beta-3.jar;C:\Users\Cam\.m2\repository\tokyo\northside\assertj-swing-junit\4.0.0-beta-3\assertj-swing-junit-4.0.0-beta-3.jar;C:\Users\Cam\.m2\repository\commons-codec\commons-codec\1.17.1\commons-codec-1.17.1.jar;C:\Users\Cam\.m2\repository\commons-io\commons-io\2.19.0\commons-io-2.19.0.jar;C:\Users\Cam\.m2\repository\org\awaitility\awaitility\4.2.1\awaitility-4.2.1.jar;C:\Users\Cam\.m2\repository\org\hamcrest\hamcrest\2.1\hamcrest-2.1.jar;"/>
    <property name="java.vm.vendor" value="Oracle Corporation"/>
    <property name="sun.arch.data.model" value="64"/>
    <property name="user.variant" value=""/>
    <property name="java.vendor.url" value="https://java.oracle.com/"/>
    <property name="user.timezone" value="America/Chicago"/>
    <property name="os.name" value="Windows 11"/>
    <property name="java.vm.specification.version" value="18"/>
    <property name="sun.java.launcher" value="SUN_STANDARD"/>
    <property name="user.country" value="US"/>
    <property name="sun.boot.library.path" value="C:\Program Files\Java\jdk-18\bin"/>
    <property name="sun.java.command" value="C:\Users\Cam\AppData\Local\Temp\surefire12532615262850276955\surefirebooter-20251006025312054_3.jar C:\Users\Cam\AppData\Local\Temp\surefire12532615262850276955 2025-10-06T02-53-11_832-jvmRun1 surefire-20251006025312054_1tmp surefire_0-20251006025312054_2tmp"/>
    <property name="jdk.debug" value="release"/>
    <property name="surefire.test.class.path" value="C:\Users\Cam\Documents\GitHub\GoosePlayer_V2\gooseplayer2\target\test-classes;C:\Users\Cam\Documents\GitHub\GoosePlayer_V2\gooseplayer2\target\classes;C:\Users\Cam\.m2\repository\net\beadsproject\beads\3.2\beads-3.2.jar;C:\Users\Cam\.m2\repository\javazoom\jlayer\1.0.1\jlayer-1.0.1.jar;C:\Users\Cam\.m2\repository\org\clojars\automata\tritonus-aos\1.0.0\tritonus-aos-1.0.0.jar;C:\Users\Cam\.m2\repository\org\clojars\automata\tritonus-share\1.0.0\tritonus-share-1.0.0.jar;C:\Users\Cam\.m2\repository\org\jaudiolibs\audioservers-javasound\2.0.0\audioservers-javasound-2.0.0.jar;C:\Users\Cam\.m2\repository\org\jaudiolibs\audioservers-api\2.0.0\audioservers-api-2.0.0.jar;C:\Users\Cam\.m2\repository\org\jaudiolibs\audioservers-jack\2.0.0\audioservers-jack-2.0.0.jar;C:\Users\Cam\.m2\repository\org\jaudiolibs\jnajack\1.4.0\jnajack-1.4.0.jar;C:\Users\Cam\.m2\repository\net\java\dev\jna\jna\5.18.1\jna-5.18.1.jar;C:\Users\Cam\.m2\repository\com\googlecode\soundlibs\mp3spi\1.9.5.4\mp3spi-1.9.5.4.jar;C:\Users\Cam\.m2\repository\com\googlecode\soundlibs\jlayer\1.0.1.4\jlayer-1.0.1.4.jar;C:\Users\Cam\.m2\repository\junit\junit\3.8.2\junit-3.8.2.jar;C:\Users\Cam\.m2\repository\com\googlecode\soundlibs\tritonus-share\0.3.7.4\tritonus-share-0.3.7.4.jar;C:\Users\Cam\.m2\repository\org\jflac\jflac-codec\1.5.2\jflac-codec-1.5.2.jar;C:\Users\Cam\.m2\repository\com\formdev\flatlaf\3.5.1\flatlaf-3.5.1.jar;C:\Users\Cam\.m2\repository\com\formdev\flatlaf-intellij-themes\3.5.1\flatlaf-intellij-themes-3.5.1.jar;C:\Users\Cam\.m2\repository\net\jthink\jaudiotagger\3.0.1\jaudiotagger-3.0.1.jar;C:\Users\Cam\.m2\repository\org\junit\jupiter\junit-jupiter\5.10.2\junit-jupiter-5.10.2.jar;C:\Users\Cam\.m2\repository\org\junit\jupiter\junit-jupiter-api\5.10.2\junit-jupiter-api-5.10.2.jar;C:\Users\Cam\.m2\repository\org\opentest4j\opentest4j\1.3.0\opentest4j-1.3.0.jar;C:\Users\Cam\.m2\repository\org\junit\platform\junit-platform-commons\1.10.2\junit-platform-commons-1.10.2.jar;C:\Users\Cam\.m2\repository\org\apiguardian\apiguardian-api\1.1.2\apiguardian-api-1.1.2.jar;C:\Users\Cam\.m2\repository\org\junit\jupiter\junit-jupiter-params\5.10.2\junit-jupiter-params-5.10.2.jar;C:\Users\Cam\.m2\repository\org\junit\jupiter\junit-jupiter-engine\5.10.2\junit-jupiter-engine-5.10.2.jar;C:\Users\Cam\.m2\repository\org\junit\platform\junit-platform-engine\1.10.2\junit-platform-engine-1.10.2.jar;C:\Users\Cam\.m2\repository\org\mockito\mockito-core\5.12.0\mockito-core-5.12.0.jar;C:\Users\Cam\.m2\repository\net\bytebuddy\byte-buddy\1.14.15\byte-buddy-1.14.15.jar;C:\Users\Cam\.m2\repository\net\bytebuddy\byte-buddy-agent\1.14.15\byte-buddy-agent-1.14.15.jar;C:\Users\Cam\.m2\repository\org\objenesis\objenesis\3.3\objenesis-3.3.jar;C:\Users\Cam\.m2\repository\org\mockito\mockito-junit-jupiter\5.12.0\mockito-junit-jupiter-5.12.0.jar;C:\Users\Cam\.m2\repository\org\mockito\mockito-inline\5.2.0\mockito-inline-5.2.0.jar;C:\Users\Cam\.m2\repository\org\assertj\assertj-core\3.27.4\assertj-core-3.27.4.jar;C:\Users\Cam\.m2\repository\tokyo\northside\assertj-swing\4.0.0-beta-3\assertj-swing-4.0.0-beta-3.jar;C:\Users\Cam\.m2\repository\tokyo\northside\fest-reflect\4.0.0-beta-3\fest-reflect-4.0.0-beta-3.jar;C:\Users\Cam\.m2\repository\org\jetbrains\annotations\23.1.0\annotations-23.1.0.jar;C:\Users\Cam\.m2\repository\tokyo\northside\assertj-swing-junit-jupiter\4.0.0-beta-3\assertj-swing-junit-jupiter-4.0.0-beta-3.jar;C:\Users\Cam\.m2\repository\tokyo\northside\assertj-swing-junit\4.0.0-beta-3\assertj-swing-junit-4.0.0-beta-3.jar;C:\Users\Cam\.m2\repository\commons-codec\commons-codec\1.17.1\commons-codec-1.17.1.jar;C:\Users\Cam\.m2\repository\commons-io\commons-io\2.19.0\commons-io-2.19.0.jar;C:\Users\Cam\.m2\repository\org\awaitility\awaitility\4.2.1\awaitility-4.2.1.jar;C:\Users\Cam\.m2\repository\org\hamcrest\hamcrest\2.1\hamcrest-2.1.jar;"/>
    <property name="sun.cpu.endian" value="little"/>
    <property name="user.home" value="C:\Users\Cam"/>
    <property name="user.language" value="en"/>
    <property name="java.specification.vendor" value="Oracle Corporation"/>
    <property name="java.version.date" value="2022-03-22"/>
    <property name="java.home" value="C:\Program Files\Java\jdk-18"/>
    <property name="file.separator" value="\"/>
    <property name="basedir" value="C:\Users\Cam\Documents\GitHub\GoosePlayer_V2\gooseplayer2"/>
    <property name="java.vm.compressedOopsMode" value="Zero based"/>
    <property name="line.separator" value="&#10;"/>
    <property name="java.vm.specification.vendor" value="Oracle Corporation"/>
    <property name="java.specification.name" value="Java Platform API Specification"/>
    <property name="java.awt.headless" value="true"/>
    <property name="surefire.real.class.path" value="C:\Users\Cam\AppData\Local\Temp\surefire12532615262850276955\surefirebooter-20251006025312054_3.jar"/>
    <property name="user.script" value=""/>
    <property name="sun.management.compiler" value="HotSpot 64-Bit Tiered Compilers"/>
    <property name="java.runtime.version" value="18+36-2087"/>
    <property name="user.name" value="Cam"/>
    <property name="path.separator" value=";"/>
    <property name="os.version" value="10.0"/>
    <property name="java.runtime.name" value="Java(TM) SE Runtime Environment"/>
    <property name="file.encoding" value="UTF-8"/>
    <property name="java.vm.name" value="Java HotSpot(TM) 64-Bit Server VM"/>
    <property name="localRepository" value="C:\Users\Cam\.m2\repository"/>
    <property name="java.vendor.url.bug" value="https://bugreport.java.com/bugreport/"/>
    <property name="java.io.tmpdir" value="C:\Users\Cam\AppData\Local\Temp\"/>
    <property name="java.version" value="18"/>
    <property name="user.dir" value="C:\Users\Cam\Documents\GitHub\GoosePlayer_V2\gooseplayer2"/>
    <property name="os.arch" value="amd64"/>
    <property name="java.vm.specification.name" value="Java Virtual Machine Specification"/>
    <property name="sun.os.patch.level" value=""/>
    <property name="native.encoding" value="Cp1252"/>
    <property name="java.library.path" value="C:\Program Files\Java\jdk-18\bin;C:\WINDOWS\Sun\Java\bin;C:\WINDOWS\system32;C:\WINDOWS;C:\Program Files\PowerShell\7;C:\Program Files (x86)\Razer Chroma SDK\bin;C:\Program Files\Razer Chroma SDK\bin;C:\Program Files (x86)\Razer\ChromaBroadcast\bin;C:\Program Files\Razer\ChromaBroadcast\bin;C:\Program Files\Common Files\Oracle\Java\javapath;C:\Program Files (x86)\Common Files\Oracle\Java\javapath;C:\Windows\system32;C:\Windows;C:\Windows\System32\Wbem;C:\Windows\System32\WindowsPowerShell\v1.0\;C:\Windows\System32\OpenSSH\;C:\Program Files (x86)\NVIDIA Corporation\PhysX\Common;C:\WINDOWS\system32;C:\WINDOWS;C:\WINDOWS\System32\Wbem;C:\WINDOWS\System32\WindowsPowerShell\v1.0\;C:\WINDOWS\System32\OpenSSH\;C:\WINDOWS\system32\config\systemprofile\AppData\Local\Microsoft\WindowsApps;C:\Program Files\dotnet\;C:\WINDOWS\system32;C:\WINDOWS;C:\WINDOWS\System32\Wbem;C:\WINDOWS\System32\WindowsPowerShell\v1.0\;C:\WINDOWS\System32\OpenSSH\;C:\Program Files\PuTTY\;C:\Program Files\Java\jdk-18\bin;C:\Program Files\NVIDIA Corporation\NVIDIA app\NvDLISR;C:\Program Files\Git\cmd;C:\Program Files\PowerShell\7\;C:\Users\Cam\scoop\apps\maven\current\bin;C:\Users\Cam\scoop\shims;C:\Users\Cam\AppData\Local\Programs\Python\Python311\Scripts\;C:\Users\Cam\AppData\Local\Programs\Python\Python311\;C:\Users\Cam\AppData\Local\Microsoft\WindowsApps;C:\xampp\mysql\bin;C:\xampp\php;C:\Program Files (x86)\Nmap;C:\Users\Cam\AppData\Local\GitHubDesktop\bin;C:\Users\Cam\AppData\Local\Programs\Microsoft VS Code\bin;c:\Users\Cam\AppData\Roaming\Code\User\globalStorage\github.copilot-chat\debugCommand;."/>
    <property name="java.vm.info" value="mixed mode, sharing"/>
    <property name="java.vendor" value="Oracle Corporation"/>
    <property name="java.vm.version" value="18+36-2087"/>
    <property name="sun.io.unicode.encoding" value="UnicodeLittle"/>
    <property name="java.class.version" value="62.0"/>
  </properties>
  <testcase name="get_indexOutOfBounds" classname="com.gooseplayer2.Packages.QueueTest" time="0.01"/>
  <testcase name="enqueueAndDequeue_basicBehavior" classname="com.gooseplayer2.Packages.QueueTest" time="0.002"/>
</testsuite>